[UnityConnectServicesConfig] Local config successfully read: "/usr/share/unity3d/config/services-config.json"
[UnityConnectServicesConfig] Service configuration:
    "servicesConfigBaseUrl": "",
    "disableServicesWindow": false,
    "disableUserLogin": false,
    "entitlementCacheTimeoutInSeconds": 60,
    "clientConnectTimeoutSec": 60,
    "clientHandshakeTimeoutSec": 30,
    "clientResolveEntitlementsTimeoutSec": 30,
    "clientUpdateLicenseTimeoutSec": 30,
    "licensingServiceBaseUrl": "",
    "enableProxyAutoconfig": "false"

Unity Editor version:    6000.3.8f1 (1c7db571dde0)
Branch:                  6000.3/staging
Build type:              Release
Batch mode:              YES
System name:             Linux
Distro version:          #1 SMP PREEMPT_DYNAMIC Sat, 27 Jun 2026 16:15:10 +0000
Kernel version:          7.0.14-arch1-1
Architecture:            x86_64
Window Protocol:         Wayland (XWayland)
Available memory:        15909 MB
Date:                    2026-06-28T23:07:49Z
[Licensing::Module] Trying to connect to existing licensing client channel...
[Licensing::IpcConnector] Successfully connected to: "LicenseClient-headmonitor" at "2026-06-28T23:07:49.745016Z"
[SignatureVerifier] Application signature verification not supported on this platform.
[Licensing::Client] Handshaking with LicensingClient:
  Version:                 1.17.4+4293ba1
  Session Id:              627ee3a0144b4c5d81e0ee20a62c7b62
  Correlation Id:          5454f4f1c479e21f7c74b8d8df16ed3c
  External correlation Id: 3083685720712048441
  Machine Id:              iO/9oLLe/zxw8/BgwHga1WYpxa4=
[Licensing::Module] Successfully connected to LicensingClient on channel: "LicenseClient-headmonitor" (connect: 0.00s, validation: 0.00s, handshake: 0.00s)
[Licensing::IpcConnector] Successfully connected to: "LicenseClient-headmonitor-notifications" at "2026-06-28T23:07:49.746609Z"
[Licensing::Module] Licensing Background thread has ended after 0.00s
Selected window backend: (null) 
Desktop is 3440 x 1440 @ 60 Hz
Initialize udev device monitor.

COMMAND LINE ARGUMENTS:
Unity
-adb2
-batchMode
-noUpm
-name
AssetImportWorker3
-projectPath
/home/headmonitor/Documents/Development Projects/RocketLander
-logFile
Logs/AssetImportWorker3.log
-srvPort
40845
-licensingIpc
LicenseClient-headmonitor
-job-worker-count
5
-background-job-worker-count
8
-gc-helper-count
1
Successfully changed project path to: /home/headmonitor/Documents/Development Projects/RocketLander
/home/headmonitor/Documents/Development Projects/RocketLander
[UnityMemory] Configuration Parameters - Can be set up in boot.config
    "memorysetup-allocator-temp-initial-block-size-main=262144"
    "memorysetup-allocator-temp-initial-block-size-worker=262144"
    "memorysetup-temp-allocator-size-background-worker=32768"
    "memorysetup-temp-allocator-size-job-worker=262144"
    "memorysetup-temp-allocator-size-preload-manager=33554432"
    "memorysetup-temp-allocator-size-nav-mesh-worker=65536"
    "memorysetup-temp-allocator-size-audio-worker=65536"
    "memorysetup-temp-allocator-size-cloud-worker=32768"
    "memorysetup-temp-allocator-size-gi-baking-worker=262144"
    "memorysetup-temp-allocator-size-gi-baking-worker=262144"
    "memorysetup-temp-allocator-size-gi-baking-worker=262144"
    "memorysetup-temp-allocator-size-gi-baking-worker=262144"
    "memorysetup-temp-allocator-size-gi-baking-worker=262144"
    "memorysetup-bucket-allocator-granularity=16"
    "memorysetup-bucket-allocator-bucket-count=8"
    "memorysetup-bucket-allocator-block-size=33554432"
    "memorysetup-bucket-allocator-block-count=8"
    "memorysetup-main-allocator-block-size=16777216"
    "memorysetup-thread-allocator-block-size=16777216"
    "memorysetup-gfx-main-allocator-block-size=16777216"
    "memorysetup-gfx-thread-allocator-block-size=16777216"
    "memorysetup-cache-allocator-block-size=4194304"
    "memorysetup-typetree-allocator-block-size=2097152"
    "memorysetup-profiler-bucket-allocator-granularity=16"
    "memorysetup-profiler-bucket-allocator-bucket-count=8"
    "memorysetup-profiler-bucket-allocator-block-size=33554432"
    "memorysetup-profiler-bucket-allocator-block-count=8"
    "memorysetup-profiler-allocator-block-size=16777216"
    "memorysetup-profiler-editor-allocator-block-size=1048576"
    "memorysetup-temp-allocator-size-main=16777216"
    "memorysetup-job-temp-allocator-block-size=2097152"
    "memorysetup-job-temp-allocator-block-size-background=1048576"
    "memorysetup-job-temp-allocator-reduction-small-platforms=262144"
    "memorysetup-temp-allocator-size-gfx=262144"
Player connection [140474397609152]  Target information:

Player connection [140474397609152]  * "[IP] 192.168.1.122 [Port] 0 [Flags] 2 [Guid] 1651077966 [EditorId] 1651077966 [Version] 1048832 [Id] LinuxEditor(16,192.168.1.122) [Debug] 1 [PackageName] LinuxEditor [ProjectName] Editor" 

Player connection [140474397609152]  * "[IP] 100.99.143.28 [Port] 0 [Flags] 2 [Guid] 1651077966 [EditorId] 1651077966 [Version] 1048832 [Id] LinuxEditor(16,192.168.1.122) [Debug] 1 [PackageName] LinuxEditor [ProjectName] Editor" 

Player connection [140474397609152]  * "[IP] 172.16.144.1 [Port] 0 [Flags] 2 [Guid] 1651077966 [EditorId] 1651077966 [Version] 1048832 [Id] LinuxEditor(16,192.168.1.122) [Debug] 1 [PackageName] LinuxEditor [ProjectName] Editor" 

Player connection [140474397609152]  * "[IP] 172.16.18.1 [Port] 0 [Flags] 2 [Guid] 1651077966 [EditorId] 1651077966 [Version] 1048832 [Id] LinuxEditor(16,192.168.1.122) [Debug] 1 [PackageName] LinuxEditor [ProjectName] Editor" 

Player connection [140474397609152] Host joined multi-casting on [225.0.0.222:54997]...
Player connection [140474397609152] Host joined alternative multi-casting on [225.0.0.222:34997]...
JobSystem: Creating JobQueue using job-worker-count value 5
Input System module state changed to: Initialized.
[Physics::Module] Initialized fallback backend.
[Physics::Module] Id: 0xdecafbad
Library Redirect Path: Library/
[Physics::Module] Selected backend.
[Physics::Module] Name: PhysX
[Physics::Module] Id: 0xf2b8ea05
[Physics::Module] SDK Version: 4.1.2
[Physics::Module] Integration Version: 1.0.0
[Physics::Module] Threading Mode: Multi-Threaded
Refreshing native plugins compatible for Editor in 1.54 ms, found 1 plugins.
Preloading 0 native plugins for Editor in 0.00 ms.
Initialize engine version: 6000.3.8f1 (1c7db571dde0)
[Subsystems] Discovering subsystems at path /home/headmonitor/Unity/Hub/Editor/6000.3.8f1/Editor/Data/Resources/UnitySubsystems
[Subsystems] Discovering subsystems at path /home/headmonitor/Documents/Development Projects/RocketLander/Assets
kGfxThreadingModeNonThreaded is not supported on OpenGL Core. Reverting to kGfxThreadingModeDirect instead.
GfxDevice: creating device client; kGfxThreadingModeDirect
GLX Extensions: GLX_ARB_context_flush_control GLX_ARB_create_context GLX_ARB_create_context_no_error GLX_ARB_create_context_profile GLX_ARB_create_context_robustness GLX_ARB_fbconfig_float GLX_ARB_framebuffer_sRGB GLX_ARB_get_proc_address GLX_ARB_multisample GLX_EXT_buffer_age GLX_EXT_create_context_es2_profile GLX_EXT_create_context_es_profile GLX_EXT_fbconfig_packed_float GLX_EXT_framebuffer_sRGB GLX_EXT_no_config_context GLX_EXT_swap_control GLX_EXT_swap_control_tear GLX_EXT_texture_from_pixmap GLX_EXT_visual_info GLX_EXT_visual_rating GLX_MESA_copy_sub_buffer GLX_MESA_gl_interop GLX_MESA_query_renderer GLX_MESA_swap_control GLX_OML_sync_control GLX_SGIS_multisample GLX_SGIX_fbconfig GLX_SGIX_pbuffer GLX_SGIX_visual_select_group GLX_SGI_make_current_read GLX_SGI_video_sync 
Renderer: AMD Radeon RX 7600 XT (radeonsi, navi33, ACO, DRM 3.64, 7.0.14-arch1-1)
Vendor:   AMD
Version:  4.6 (Core Profile) Mesa 26.1.3-arch1.2
GLES:     0
 GL_AMD_conservative_depth GL_AMD_depth_clamp_separate GL_AMD_draw_buffers_blend GL_AMD_gpu_shader_int64 GL_AMD_multi_draw_indirect GL_AMD_pinned_memory GL_AMD_query_buffer_object GL_AMD_seamless_cubemap_per_texture GL_AMD_shader_stencil_export GL_AMD_shader_trinary_minmax GL_AMD_texture_texture4 GL_AMD_vertex_shader_layer GL_AMD_vertex_shader_viewport_index GL_ANGLE_texture_compression_dxt3 GL_ANGLE_texture_compression_dxt5 GL_ARB_ES2_compatibility GL_ARB_ES3_1_compatibility GL_ARB_ES3_2_compatibility GL_ARB_ES3_compatibility GL_ARB_arrays_of_arrays GL_ARB_base_instance GL_ARB_bindless_texture GL_ARB_blend_func_extended GL_ARB_buffer_storage GL_ARB_clear_buffer_object GL_ARB_clear_texture GL_ARB_clip_control GL_ARB_color_buffer_float GL_ARB_compressed_texture_pixel_storage GL_ARB_compute_shader GL_ARB_compute_variable_group_size GL_ARB_conditional_render_inverted GL_ARB_conservative_depth GL_ARB_copy_buffer GL_ARB_copy_image GL_ARB_cull_distance GL_ARB_debug_output GL_ARB_depth_buffer_float GL_ARB_depth_cla
mp GL_ARB_derivative_control GL_ARB_direct_state_access GL_ARB_draw_buffers GL_ARB_draw_buffers_blend GL_ARB_draw_elements_base_vertex GL_ARB_draw_indirect GL_ARB_draw_instanced GL_ARB_enhanced_layouts GL_ARB_explicit_attrib_location GL_ARB_explicit_uniform_location GL_ARB_fragment_coord_conventions GL_ARB_fragment_layer_viewport GL_ARB_fragment_shader GL_ARB_framebuffer_no_attachments GL_ARB_framebuffer_object GL_ARB_framebuffer_sRGB GL_ARB_get_program_binary GL_ARB_get_texture_sub_image GL_ARB_gl_spirv GL_ARB_gpu_shader5 GL_ARB_gpu_shader_fp64 GL_ARB_gpu_shader_int64 GL_ARB_half_float_pixel GL_ARB_half_float_vertex GL_ARB_indirect_parameters GL_ARB_instanced_arrays GL_ARB_internalformat_query GL_ARB_internalformat_query2 GL_ARB_invalidate_subdata GL_ARB_map_buffer_alignment GL_ARB_map_buffer_range GL_ARB_multi_bind GL_ARB_multi_draw_indirect GL_ARB_occlusion_query2 GL_ARB_parallel_shader_compile GL_ARB_pipeline_statistics_query GL_ARB_pixel_buffer_object GL_ARB_point_sprite GL_ARB_polygon_offset_clamp GL_A
RB_post_depth_coverage GL_ARB_program_interface_query GL_ARB_provoking_vertex GL_ARB_query_buffer_object GL_ARB_robust_buffer_access_behavior GL_ARB_robustness GL_ARB_sample_shading GL_ARB_sampler_objects GL_ARB_seamless_cube_map GL_ARB_seamless_cubemap_per_texture GL_ARB_separate_shader_objects GL_ARB_shader_atomic_counter_ops GL_ARB_shader_atomic_counters GL_ARB_shader_ballot GL_ARB_shader_bit_encoding GL_ARB_shader_clock GL_ARB_shader_draw_parameters GL_ARB_shader_group_vote GL_ARB_shader_image_load_store GL_ARB_shader_image_size GL_ARB_shader_objects GL_ARB_shader_precision GL_ARB_shader_stencil_export GL_ARB_shader_storage_buffer_object GL_ARB_shader_subroutine GL_ARB_shader_texture_image_samples GL_ARB_shader_texture_lod GL_ARB_shader_viewport_layer_array GL_ARB_shading_language_420pack GL_ARB_shading_language_include GL_ARB_shading_language_packing GL_ARB_sparse_buffer GL_ARB_sparse_texture GL_ARB_sparse_texture2 GL_ARB_sparse_texture_clamp GL_ARB_spirv_extensions GL_ARB_stencil_texturing GL_ARB_sync 
GL_ARB_tessellation_shader GL_ARB_texture_barrier GL_ARB_texture_border_clamp GL_ARB_texture_buffer_object GL_ARB_texture_buffer_object_rgb32 GL_ARB_texture_buffer_range GL_ARB_texture_compression_bptc GL_ARB_texture_compression_rgtc GL_ARB_texture_cube_map_array GL_ARB_texture_filter_anisotropic GL_ARB_texture_filter_minmax GL_ARB_texture_float GL_ARB_texture_gather GL_ARB_texture_mirror_clamp_to_edge GL_ARB_texture_multisample GL_ARB_texture_non_power_of_two GL_ARB_texture_query_levels GL_ARB_texture_query_lod GL_ARB_texture_rectangle GL_ARB_texture_rg GL_ARB_texture_rgb10_a2ui GL_ARB_texture_stencil8 GL_ARB_texture_storage GL_ARB_texture_storage_multisample GL_ARB_texture_swizzle GL_ARB_texture_view GL_ARB_timer_query GL_ARB_transform_feedback2 GL_ARB_transform_feedback3 GL_ARB_transform_feedback_instanced GL_ARB_transform_feedback_overflow_query GL_ARB_uniform_buffer_object GL_ARB_vertex_array_bgra GL_ARB_vertex_array_object GL_ARB_vertex_attrib_64bit GL_ARB_vertex_attrib_binding GL_ARB_vertex_buffer_obj
ect GL_ARB_vertex_shader GL_ARB_vertex_type_10f_11f_11f_rev GL_ARB_vertex_type_2_10_10_10_rev GL_ARB_viewport_array GL_ATI_blend_equation_separate GL_ATI_meminfo GL_ATI_texture_float GL_ATI_texture_mirror_once GL_EXT_EGL_image_storage GL_EXT_EGL_image_storage_compression GL_EXT_EGL_sync GL_EXT_abgr GL_EXT_blend_equation_separate GL_EXT_debug_label GL_EXT_demote_to_helper_invocation GL_EXT_depth_bounds_test GL_EXT_draw_buffers2 GL_EXT_draw_instanced GL_EXT_framebuffer_blit GL_EXT_framebuffer_multisample GL_EXT_framebuffer_multisample_blit_scaled GL_EXT_framebuffer_object GL_EXT_framebuffer_sRGB GL_EXT_memory_object GL_EXT_memory_object_fd GL_EXT_mesh_shader GL_EXT_packed_depth_stencil GL_EXT_packed_float GL_EXT_pixel_buffer_object GL_EXT_polygon_offset_clamp GL_EXT_provoking_vertex GL_EXT_semaphore GL_EXT_semaphore_fd GL_EXT_shader_clock GL_EXT_shader_image_load_formatted GL_EXT_shader_image_load_store GL_EXT_shader_integer_mix GL_EXT_texture_array GL_EXT_texture_compression_dxt1 GL_EXT_texture_compression_rg
tc GL_EXT_texture_compression_s3tc GL_EXT_texture_filter_anisotropic GL_EXT_texture_filter_minmax GL_EXT_texture_integer GL_EXT_texture_mirror_clamp GL_EXT_texture_sRGB GL_EXT_texture_sRGB_R8 GL_EXT_texture_sRGB_RG8 GL_EXT_texture_sRGB_decode GL_EXT_texture_shadow_lod GL_EXT_texture_shared_exponent GL_EXT_texture_snorm GL_EXT_texture_storage GL_EXT_texture_swizzle GL_EXT_timer_query GL_EXT_transform_feedback GL_EXT_vertex_array_bgra GL_EXT_vertex_attrib_64bit GL_EXT_window_rectangles GL_IBM_multimode_draw_arrays GL_INTEL_blackhole_render GL_KHR_blend_equation_advanced GL_KHR_context_flush_control GL_KHR_debug GL_KHR_no_error GL_KHR_parallel_shader_compile GL_KHR_robust_buffer_access_behavior GL_KHR_robustness GL_KHR_shader_subgroup GL_KHR_texture_compression_astc_ldr GL_KHR_texture_compression_astc_sliced_3d GL_MESA_framebuffer_flip_y GL_MESA_pack_invert GL_MESA_shader_integer_functions GL_MESA_texture_const_bandwidth GL_MESA_texture_signed_rgba GL_NVX_gpu_memory_info GL_NV_alpha_to_coverage_dither_control G
L_NV_compute_shader_derivatives GL_NV_conditional_render GL_NV_copy_image GL_NV_depth_clamp GL_NV_packed_depth_stencil GL_NV_shader_atomic_int64 GL_NV_texture_barrier GL_NV_timeline_semaphore GL_OES_EGL_image GL_S3_s3tc
OPENGL LOG: Creating OpenGL 4.6 graphics device ; Context level  <OpenGL 4.5> ; Context handle 1855218880
Initialize mono
Mono path[0] = '/home/headmonitor/Unity/Hub/Editor/6000.3.8f1/Editor/Data/Managed'
Mono path[1] = '/home/headmonitor/Unity/Hub/Editor/6000.3.8f1/Editor/Data/MonoBleedingEdge/lib/mono/unityjit-linux'
Mono config path = '/home/headmonitor/Unity/Hub/Editor/6000.3.8f1/Editor/Data/MonoBleedingEdge/etc'
Using monoOptions --debugger-agent=transport=dt_socket,embedding=1,server=y,suspend=n,address=127.0.0.1:56191
Begin MonoManager ReloadAssembly
Registering precompiled unity dll's ...
Register platform support module: /home/headmonitor/Unity/Hub/Editor/6000.3.8f1/Editor/Data/PlaybackEngines/WebGLSupport/UnityEditor.WebGL.Extensions.dll
Register platform support module: /home/headmonitor/Unity/Hub/Editor/6000.3.8f1/Editor/Data/PlaybackEngines/MacStandaloneSupport/UnityEditor.OSXStandalone.Extensions.dll
Register platform support module: /home/headmonitor/Unity/Hub/Editor/6000.3.8f1/Editor/Data/PlaybackEngines/WindowsStandaloneSupport/UnityEditor.WindowsStandalone.Extensions.dll
[Licensing::Client] Successfully resolved entitlement details
[Licensing::Module] License group:
  Id: F4-EFZV-33J2-49Q4-GCC5-XXXX
  Product: Unity Personal
  Type: ULF
  Expiration: Unlimited
[Licensing::Module] License group:
  Id: 6872510643042-UnityPersXXXX
  Product: Unity Personal
  Type: Assigned
  Expiration: Unlimited
Register platform support module: /home/headmonitor/Unity/Hub/Editor/6000.3.8f1/Editor/Data/PlaybackEngines/iOSSupport/UnityEditor.iOS.Extensions.dll
Register platform support module: /home/headmonitor/Unity/Hub/Editor/6000.3.8f1/Editor/Data/PlaybackEngines/LinuxStandaloneSupport/UnityEditor.LinuxStandalone.Extensions.dll
Registered in 0.003022 seconds.
- Loaded All Assemblies, in  0.520 seconds
Native extension for LinuxStandalone target not found
[usbmuxd] Start listen thread
[usbmuxd] Listen thread started
Native extension for iOS target not found
Native extension for WindowsStandalone target not found
Native extension for OSXStandalone target not found
Native extension for WebGL target not found
Package Manager log level set to [2]
[Package Manager] Failed to launch server process. Reason: Unity was launched with the -noUpm command-line argument
[Package Manager] Unable to send message (not connected to server process).
[Package Manager] Cannot connect to Unity Package Manager local server
ScheduleIndexationOnStartup MainProcess:False IndexOnStartup:True
Mono: successfully reloaded assembly
- Finished resetting the current domain, in  0.581 seconds
Domain Reload Profiling: 1101ms
	BeginReloadAssembly (164ms)
		ExecutionOrderSort (0ms)
		DisableScriptedObjects (0ms)
		BackupInstance (0ms)
		ReleaseScriptingObjects (0ms)
		CreateAndSetChildDomain (1ms)
	RebuildCommonClasses (48ms)
	RebuildNativeTypeToScriptingClass (11ms)
	initialDomainReloadingComplete (59ms)
	LoadAllAssembliesAndSetupDomain (238ms)
		LoadAssemblies (163ms)
		RebuildTransferFunctionScriptingTraits (0ms)
		AnalyzeDomain (234ms)
			TypeCache.Refresh (231ms)
				TypeCache.ScanAssembly (214ms)
			BuildScriptInfoCaches (0ms)
			ResolveRequiredComponents (1ms)
	FinalizeReload (582ms)
		ReleaseScriptCaches (0ms)
		RebuildScriptCaches (0ms)
		SetupLoadedEditorAssemblies (517ms)
			LogAssemblyErrors (0ms)
			InitializePlatformSupportModulesInManaged (95ms)
			SetLoadedEditorAssemblies (7ms)
			BeforeProcessingInitializeOnLoad (134ms)
			ProcessInitializeOnLoadAttributes (195ms)
			ProcessInitializeOnLoadMethodAttributes (86ms)
			AfterProcessingInitializeOnLoad (0ms)
			EditorAssembliesLoaded (0ms)
		ExecutionOrderSort2 (0ms)
		AwakeInstancesAfterBackupRestoration (0ms)
========================================================================
Worker process is ready to serve import requests
Import Worker Mode flag is 0x00
Begin MonoManager ReloadAssembly
[Licensing::Client] Successfully resolved entitlement details
[Licensing::Module] License group:
  Id: F4-EFZV-33J2-49Q4-GCC5-XXXX
  Product: Unity Personal
  Type: ULF
  Expiration: Unlimited
[Licensing::Module] License group:
  Id: 6872510643042-UnityPersXXXX
  Product: Unity Personal
  Type: Assigned
  Expiration: Unlimited
- Loaded All Assemblies, in  0.732 seconds
Refreshing native plugins compatible for Editor in 0.46 ms, found 1 plugins.
Native extension for LinuxStandalone target not found
Native extension for iOS target not found
Native extension for WindowsStandalone target not found
Native extension for OSXStandalone target not found
Native extension for WebGL target not found
[Package Manager] Failed to launch server process. Reason: Unity was launched with the -noUpm command-line argument
[Package Manager] Unable to send message (not connected to server process).
[Package Manager] Cannot connect to Unity Package Manager local server
ScheduleIndexationOnStartup MainProcess:False IndexOnStartup:True
Mono: successfully reloaded assembly
- Finished resetting the current domain, in  0.746 seconds
Domain Reload Profiling: 1474ms
	BeginReloadAssembly (141ms)
		ExecutionOrderSort (0ms)
		DisableScriptedObjects (6ms)
		BackupInstance (0ms)
		ReleaseScriptingObjects (0ms)
		CreateAndSetChildDomain (41ms)
	RebuildCommonClasses (42ms)
	RebuildNativeTypeToScriptingClass (11ms)
	initialDomainReloadingComplete (40ms)
	LoadAllAssembliesAndSetupDomain (495ms)
		LoadAssemblies (256ms)
		RebuildTransferFunctionScriptingTraits (0ms)
		AnalyzeDomain (292ms)
			TypeCache.Refresh (203ms)
				TypeCache.ScanAssembly (188ms)
			BuildScriptInfoCaches (73ms)
			ResolveRequiredComponents (10ms)
	FinalizeReload (746ms)
		ReleaseScriptCaches (0ms)
		RebuildScriptCaches (0ms)
		SetupLoadedEditorAssemblies (622ms)
			LogAssemblyErrors (0ms)
			InitializePlatformSupportModulesInManaged (13ms)
			SetLoadedEditorAssemblies (3ms)
			BeforeProcessingInitializeOnLoad (168ms)
			ProcessInitializeOnLoadAttributes (323ms)
			ProcessInitializeOnLoadMethodAttributes (108ms)
			AfterProcessingInitializeOnLoad (6ms)
			EditorAssembliesLoaded (0ms)
		ExecutionOrderSort2 (0ms)
		AwakeInstancesAfterBackupRestoration (3ms)
AutoLocale: current locale expects 'C' but got 'en_US.UTF-8'Launched and connected shader compiler UnityShaderCompiler after 0.02 seconds
Refreshing native plugins compatible for Editor in 0.58 ms, found 1 plugins.
Preloading 0 native plugins for Editor in 0.00 ms.
Unloading 16 Unused Serialized files (Serialized files now loaded: 0)
Unloading 6875 unused Assets / (5.4 MB). Loaded Objects now: 7693.
Memory consumption went from 140.0 MB to 134.6 MB.
Total: 13.372274 ms (FindLiveObjects: 0.767151 ms CreateObjectMapping: 0.453320 ms MarkObjects: 7.662722 ms  DeleteObjects: 4.488421 ms)

========================================================================
Received Import Request.
  Time since last request: 26101.823637 seconds.
  path: Assets/UI/bar_round_gloss_large_m.png
  artifactKey: Guid(6f1a785d9a5e0dea48f6f025504f1f24) Importer(815301076,1909f56bfc062723c751e8b465ee728b)
Start importing Assets/UI/bar_round_gloss_large_m.png using Guid(6f1a785d9a5e0dea48f6f025504f1f24) Importer(815301076,1909f56bfc062723c751e8b465ee728b) (PreviewImporter) -> (artifact id: '810b85acc5f26409fd8d79f63a567052') in 0.07382085 seconds
Number of updated asset objects reloaded before import = 0Number of asset objects unloaded after import = 3

========================================================================
Received Import Request.
  Time since last request: 0.000011 seconds.
  path: Assets/UI/button_square_header_large_rectangle_screws.png
  artifactKey: Guid(dbf4c9d25ff4cb3a2bf911f54f66f542) Importer(815301076,1909f56bfc062723c751e8b465ee728b)
Start importing Assets/UI/button_square_header_large_rectangle_screws.png using Guid(dbf4c9d25ff4cb3a2bf911f54f66f542) Importer(815301076,1909f56bfc062723c751e8b465ee728b) (PreviewImporter) -> (artifact id: '2117b0cfc195eba9ec947e5adaac10cc') in 0.005262071 seconds
Number of updated asset objects reloaded before import = 0Number of asset objects unloaded after import = 3

========================================================================
Received Import Request.
  Time since last request: 0.000014 seconds.
  path: Assets/UI/bar_round_small_r.png
  artifactKey: Guid(f558a2ef3140904638ff87925f84ba5a) Importer(815301076,1909f56bfc062723c751e8b465ee728b)
Start importing Assets/UI/bar_round_small_r.png using Guid(f558a2ef3140904638ff87925f84ba5a) Importer(815301076,1909f56bfc062723c751e8b465ee728b) (PreviewImporter) -> (artifact id: '16fcb80f0784f96a67e14cc6c54af08f') in 0.004477541 seconds
Number of updated asset objects reloaded before import = 0Number of asset objects unloaded after import = 3

========================================================================
Received Import Request.
  Time since last request: 0.000017 seconds.
  path: Assets/UI/bar_round_gloss_small_square.png
  artifactKey: Guid(40f6d00a84b048cac926c7d23b543eca) Importer(815301076,1909f56bfc062723c751e8b465ee728b)
Start importing Assets/UI/bar_round_gloss_small_square.png using Guid(40f6d00a84b048cac926c7d23b543eca) Importer(815301076,1909f56bfc062723c751e8b465ee728b) (PreviewImporter) -> (artifact id: 'd1490c89983ddae11f98c87605a73643') in 0.005818222 seconds
Number of updated asset objects reloaded before import = 0Number of asset objects unloaded after import = 3

========================================================================
Received Import Request.
  Time since last request: 0.000018 seconds.
  path: Assets/UI/bar_square_small.png
  artifactKey: Guid(862eb02aaf6127ec289eada5ffd1ad5b) Importer(815301076,1909f56bfc062723c751e8b465ee728b)
Start importing Assets/UI/bar_square_small.png using Guid(862eb02aaf6127ec289eada5ffd1ad5b) Importer(815301076,1909f56bfc062723c751e8b465ee728b) (PreviewImporter) -> (artifact id: '327d3e9e9096da148af27bbeda4028d7') in 0.004761691 seconds
Number of updated asset objects reloaded before import = 0Number of asset objects unloaded after import = 3

========================================================================
Received Import Request.
  Time since last request: 0.000027 seconds.
  path: Assets/UI/bar_shadow_square_large_r.png
  artifactKey: Guid(2fd2dcd124a06cf20ba56f5dee1c8fb3) Importer(815301076,1909f56bfc062723c751e8b465ee728b)
Start importing Assets/UI/bar_shadow_square_large_r.png using Guid(2fd2dcd124a06cf20ba56f5dee1c8fb3) Importer(815301076,1909f56bfc062723c751e8b465ee728b) (PreviewImporter) -> (artifact id: '9a27c071ce80da9ea46a320af3269923') in 0.005363691 seconds
Number of updated asset objects reloaded before import = 0Number of asset objects unloaded after import = 3

========================================================================
Received Import Request.
  Time since last request: 0.000013 seconds.
  path: Assets/UI/bar_shadow_square_small_m.png
  artifactKey: Guid(5d61ae0645aca6b038d6952efd032a68) Importer(815301076,1909f56bfc062723c751e8b465ee728b)
Start importing Assets/UI/bar_shadow_square_small_m.png using Guid(5d61ae0645aca6b038d6952efd032a68) Importer(815301076,1909f56bfc062723c751e8b465ee728b) (PreviewImporter) -> (artifact id: '306f81694884029c94f64ccf3a454b0b') in 0.005118822 seconds
Number of updated asset objects reloaded before import = 0Number of asset objects unloaded after import = 3

========================================================================
Received Import Request.
  Time since last request: 0.000016 seconds.
  path: Assets/UI/bar_shadow_round_small.png
  artifactKey: Guid(fbac243948275849cb71b7808b08ecaf) Importer(815301076,1909f56bfc062723c751e8b465ee728b)
Start importing Assets/UI/bar_shadow_round_small.png using Guid(fbac243948275849cb71b7808b08ecaf) Importer(815301076,1909f56bfc062723c751e8b465ee728b) (PreviewImporter) -> (artifact id: '3f5d8637cc2dda562ad42295be29d604') in 0.004949982 seconds
Number of updated asset objects reloaded before import = 0Number of asset objects unloaded after import = 3

========================================================================
Received Import Request.
  Time since last request: 0.000012 seconds.
  path: Assets/UI/bar_shadow_square_outline_large_r.png
  artifactKey: Guid(ffda22aeea99145fc8553cc7b1dd3760) Importer(815301076,1909f56bfc062723c751e8b465ee728b)
Start importing Assets/UI/bar_shadow_square_outline_large_r.png using Guid(ffda22aeea99145fc8553cc7b1dd3760) Importer(815301076,1909f56bfc062723c751e8b465ee728b) (PreviewImporter) -> (artifact id: '7d4607ad959efc050a120f4469bd3f8e') in 0.004398711 seconds
Number of updated asset objects reloaded before import = 0Number of asset objects unloaded after import = 3

========================================================================
Received Import Request.
  Time since last request: 0.000014 seconds.
  path: Assets/UI/bar_shadow_square_outline_small_l.png
  artifactKey: Guid(59f711c20a4cec2c5beee0d7f837f2d9) Importer(815301076,1909f56bfc062723c751e8b465ee728b)
Start importing Assets/UI/bar_shadow_square_outline_small_l.png using Guid(59f711c20a4cec2c5beee0d7f837f2d9) Importer(815301076,1909f56bfc062723c751e8b465ee728b) (PreviewImporter) -> (artifact id: '7b9fbeb7c4caf6202ba4ba56cc5c4ddd') in 0.004278581 seconds
Number of updated asset objects reloaded before import = 0Number of asset objects unloaded after import = 3

========================================================================
Received Import Request.
  Time since last request: 0.000011 seconds.
  path: Assets/UI/bar_square_gloss_large_r.png
  artifactKey: Guid(7eeec12aae495a2929269cfbaaf0ae70) Importer(815301076,1909f56bfc062723c751e8b465ee728b)
Start importing Assets/UI/bar_square_gloss_large_r.png using Guid(7eeec12aae495a2929269cfbaaf0ae70) Importer(815301076,1909f56bfc062723c751e8b465ee728b) (PreviewImporter) -> (artifact id: 'e9d7c42315612b7abd2dc5fd89020e39') in 0.004468542 seconds
Number of updated asset objects reloaded before import = 0Number of asset objects unloaded after import = 3

========================================================================
Received Import Request.
  Time since last request: 0.000012 seconds.
  path: Assets/UI/bar_square_gloss_small_m.png
  artifactKey: Guid(e2576fc19b4dfba5ca8ef56b29a71b2b) Importer(815301076,1909f56bfc062723c751e8b465ee728b)
Start importing Assets/UI/bar_square_gloss_small_m.png using Guid(e2576fc19b4dfba5ca8ef56b29a71b2b) Importer(815301076,1909f56bfc062723c751e8b465ee728b) (PreviewImporter) -> (artifact id: 'ea6541d5d1019b447a3545364536a865') in 0.004503581 seconds
Number of updated asset objects reloaded before import = 0Number of asset objects unloaded after import = 3

========================================================================
Received Import Request.
  Time since last request: 0.000017 seconds.
  path: Assets/UI/bar_square_gloss_small.png
  artifactKey: Guid(6dd57a83e2e3007038a84b5b6b69ed65) Importer(815301076,1909f56bfc062723c751e8b465ee728b)
Start importing Assets/UI/bar_square_gloss_small.png using Guid(6dd57a83e2e3007038a84b5b6b69ed65) Importer(815301076,1909f56bfc062723c751e8b465ee728b) (PreviewImporter) -> (artifact id: '5b2e17447fa3c1d18ed0b1d4ebff4dfb') in 0.005241232 seconds
Number of updated asset objects reloaded before import = 0Number of asset objects unloaded after import = 3

========================================================================
Received Import Request.
  Time since last request: 0.000018 seconds.
  path: Assets/UI/bar_shadow_round_outline_small_square.png
  artifactKey: Guid(28ef4ce1932a1da8dbdfd83fa910b4aa) Importer(815301076,1909f56bfc062723c751e8b465ee728b)
Start importing Assets/UI/bar_shadow_round_outline_small_square.png using Guid(28ef4ce1932a1da8dbdfd83fa910b4aa) Importer(815301076,1909f56bfc062723c751e8b465ee728b) (PreviewImporter) -> (artifact id: '6873600d7083d15fde9957847b22962b') in 0.004730311 seconds
Number of updated asset objects reloaded before import = 0Number of asset objects unloaded after import = 3

========================================================================
Received Import Request.
  Time since last request: 0.000025 seconds.
  path: Assets/UI/bar_shadow_square_outline_large_square.png
  artifactKey: Guid(f75c1c9f00fb4b00fa7efb666257cbef) Importer(815301076,1909f56bfc062723c751e8b465ee728b)
Start importing Assets/UI/bar_shadow_square_outline_large_square.png using Guid(f75c1c9f00fb4b00fa7efb666257cbef) Importer(815301076,1909f56bfc062723c751e8b465ee728b) (PreviewImporter) -> (artifact id: 'e08f6cf0db7c126e2fbcfa879d0b3398') in 0.004760092 seconds
Number of updated asset objects reloaded before import = 0Number of asset objects unloaded after import = 3

========================================================================
Received Import Request.
  Time since last request: 0.000016 seconds.
  path: Assets/UI/bar_shadow_round_small_square.png
  artifactKey: Guid(77b8e712f8a310213bbd330e1ff8615f) Importer(815301076,1909f56bfc062723c751e8b465ee728b)
Start importing Assets/UI/bar_shadow_round_small_square.png using Guid(77b8e712f8a310213bbd330e1ff8615f) Importer(815301076,1909f56bfc062723c751e8b465ee728b) (PreviewImporter) -> (artifact id: '44c1de512e81c408f2369eda7d0009e3') in 0.004427741 seconds
Number of updated asset objects reloaded before import = 0Number of asset objects unloaded after import = 3

========================================================================
Received Import Request.
  Time since last request: 0.000015 seconds.
  path: Assets/UI/bar_shadow_round_large_r.png
  artifactKey: Guid(cfa30821a0458ffbd8b174004a8e5fa9) Importer(815301076,1909f56bfc062723c751e8b465ee728b)
Start importing Assets/UI/bar_shadow_round_large_r.png using Guid(cfa30821a0458ffbd8b174004a8e5fa9) Importer(815301076,1909f56bfc062723c751e8b465ee728b) (PreviewImporter) -> (artifact id: 'ddedbf7b65f433361f1b7ff3e223f8cf') in 0.004960991 seconds
Number of updated asset objects reloaded before import = 0Number of asset objects unloaded after import = 3

========================================================================
Received Import Request.
  Time since last request: 0.000012 seconds.
  path: Assets/UI/bar_round_small_square.png
  artifactKey: Guid(261210f0d0594032986fa6dc133e9723) Importer(815301076,1909f56bfc062723c751e8b465ee728b)
Start importing Assets/UI/bar_round_small_square.png using Guid(261210f0d0594032986fa6dc133e9723) Importer(815301076,1909f56bfc062723c751e8b465ee728b) (PreviewImporter) -> (artifact id: 'c82c9900d7ee5b5f20411d78c5de63f4') in 0.004783541 seconds
Number of updated asset objects reloaded before import = 0Number of asset objects unloaded after import = 3

========================================================================
Received Import Request.
  Time since last request: 0.000013 seconds.
  path: Assets/UI/bar_square_small_square.png
  artifactKey: Guid(b592f7dea94628eda9ebee9272585c50) Importer(815301076,1909f56bfc062723c751e8b465ee728b)
Start importing Assets/UI/bar_square_small_square.png using Guid(b592f7dea94628eda9ebee9272585c50) Importer(815301076,1909f56bfc062723c751e8b465ee728b) (PreviewImporter) -> (artifact id: 'c05ce89faa3b00fa76755d6a5377b50f') in 0.004200951 seconds
Number of updated asset objects reloaded before import = 0Number of asset objects unloaded after import = 3

========================================================================
Received Import Request.
  Time since last request: 0.000011 seconds.
  path: Assets/UI/bar_square_small_m.png
  artifactKey: Guid(52e7feb4efd15a870bd2fcd2597fd0b9) Importer(815301076,1909f56bfc062723c751e8b465ee728b)
Start importing Assets/UI/bar_square_small_m.png using Guid(52e7feb4efd15a870bd2fcd2597fd0b9) Importer(815301076,1909f56bfc062723c751e8b465ee728b) (PreviewImporter) -> (artifact id: '0d050a7dbed9ba5ceef7b405db324c8d') in 0.004433481 seconds
Number of updated asset objects reloaded before import = 0Number of asset objects unloaded after import = 3

========================================================================
Received Import Request.
  Time since last request: 0.000014 seconds.
  path: Assets/UI/bar_shadow_round_outline_large.png
  artifactKey: Guid(ed421bbf75b6faea18e968ce9c8db30b) Importer(815301076,1909f56bfc062723c751e8b465ee728b)
Start importing Assets/UI/bar_shadow_round_outline_large.png using Guid(ed421bbf75b6faea18e968ce9c8db30b) Importer(815301076,1909f56bfc062723c751e8b465ee728b) (PreviewImporter) -> (artifact id: '293d8090293c827012ebc92d47c866b5') in 0.004846131 seconds
Number of updated asset objects reloaded before import = 0Number of asset objects unloaded after import = 3

========================================================================
Received Import Request.
  Time since last request: 0.000016 seconds.
  path: Assets/UI/bar_round_large_l.png
  artifactKey: Guid(c75435f1986445b8c8547b6e12244edf) Importer(815301076,1909f56bfc062723c751e8b465ee728b)
Start importing Assets/UI/bar_round_large_l.png using Guid(c75435f1986445b8c8547b6e12244edf) Importer(815301076,1909f56bfc062723c751e8b465ee728b) (PreviewImporter) -> (artifact id: 'b7ba2617824195a63f27315e8d57e20b') in 0.004502911 seconds
Number of updated asset objects reloaded before import = 0Number of asset objects unloaded after import = 3

========================================================================
Received Import Request.
  Time since last request: 0.000019 seconds.
  path: Assets/UI/bar_shadow_square_outline_large_m.png
  artifactKey: Guid(68f4ef0704556dda3914303920d52286) Importer(815301076,1909f56bfc062723c751e8b465ee728b)
Start importing Assets/UI/bar_shadow_square_outline_large_m.png using Guid(68f4ef0704556dda3914303920d52286) Importer(815301076,1909f56bfc062723c751e8b465ee728b) (PreviewImporter) -> (artifact id: '2a751d342dfe25c67f0c1b156816362a') in 0.004809921 seconds
Number of updated asset objects reloaded before import = 0Number of asset objects unloaded after import = 3

========================================================================
Received Import Request.
  Time since last request: 0.000024 seconds.
  path: Assets/UI/bar_shadow_round_large_square.png
  artifactKey: Guid(cd671b984eb3494f88bc13cc2aaa4b9f) Importer(815301076,1909f56bfc062723c751e8b465ee728b)
Start importing Assets/UI/bar_shadow_round_large_square.png using Guid(cd671b984eb3494f88bc13cc2aaa4b9f) Importer(815301076,1909f56bfc062723c751e8b465ee728b) (PreviewImporter) -> (artifact id: '570f6d02499d552bc556254fb00f0d4f') in 0.004889311 seconds
Number of updated asset objects reloaded before import = 0Number of asset objects unloaded after import = 3

========================================================================
Received Import Request.
  Time since last request: 0.000016 seconds.
  path: Assets/UI/bar_square_large_l.png
  artifactKey: Guid(afdf359e18970413c9cc4488a45bc6b4) Importer(815301076,1909f56bfc062723c751e8b465ee728b)
Start importing Assets/UI/bar_square_large_l.png using Guid(afdf359e18970413c9cc4488a45bc6b4) Importer(815301076,1909f56bfc062723c751e8b465ee728b) (PreviewImporter) -> (artifact id: '2c51262c197252a18eabca95970afe9a') in 0.005405732 seconds
Number of updated asset objects reloaded before import = 0Number of asset objects unloaded after import = 3

========================================================================
Received Import Request.
  Time since last request: 0.000015 seconds.
  path: Assets/UI/bar_shadow_square_large_m.png
  artifactKey: Guid(29403e8b41db1dfb597307b71496aadb) Importer(815301076,1909f56bfc062723c751e8b465ee728b)
Start importing Assets/UI/bar_shadow_square_large_m.png using Guid(29403e8b41db1dfb597307b71496aadb) Importer(815301076,1909f56bfc062723c751e8b465ee728b) (PreviewImporter) -> (artifact id: 'c2fd76e4faaa2a82fb6e18dd70ca20e1') in 0.004939272 seconds
Number of updated asset objects reloaded before import = 0Number of asset objects unloaded after import = 3

========================================================================
Received Import Request.
  Time since last request: 0.000015 seconds.
  path: Assets/UI/bar_shadow_square_large_l.png
  artifactKey: Guid(8eb385011039dab6380e76bf735f5b96) Importer(815301076,1909f56bfc062723c751e8b465ee728b)
Start importing Assets/UI/bar_shadow_square_large_l.png using Guid(8eb385011039dab6380e76bf735f5b96) Importer(815301076,1909f56bfc062723c751e8b465ee728b) (PreviewImporter) -> (artifact id: 'b0aa057c841d09e24b34d30e186d0b06') in 0.004813951 seconds
Number of updated asset objects reloaded before import = 0Number of asset objects unloaded after import = 3

========================================================================
Received Import Request.
  Time since last request: 0.000014 seconds.
  path: Assets/UI/crosshair_c.png
  artifactKey: Guid(8f283df633ebf0e9eb0b5af1410dbd6c) Importer(815301076,1909f56bfc062723c751e8b465ee728b)
Start importing Assets/UI/crosshair_c.png using Guid(8f283df633ebf0e9eb0b5af1410dbd6c) Importer(815301076,1909f56bfc062723c751e8b465ee728b) (PreviewImporter) -> (artifact id: '7a7bca8ef8ba6e7ec4d60e1a46515599') in 0.009599143 seconds
Number of updated asset objects reloaded before import = 0Number of asset objects unloaded after import = 6

========================================================================
Received Import Request.
  Time since last request: 0.000015 seconds.
  path: Assets/UI/button_square_header_small_square_screws.png
  artifactKey: Guid(1e429f0653129127da1718431220b2ad) Importer(815301076,1909f56bfc062723c751e8b465ee728b)
Start importing Assets/UI/button_square_header_small_square_screws.png using Guid(1e429f0653129127da1718431220b2ad) Importer(815301076,1909f56bfc062723c751e8b465ee728b) (PreviewImporter) -> (artifact id: 'e2b7625cee52f9ec8a55842d3c18ec8e') in 0.006392852 seconds
Number of updated asset objects reloaded before import = 0Number of asset objects unloaded after import = 3

========================================================================
Received Import Request.
  Time since last request: 0.000013 seconds.
  path: Assets/UI/panel_glass_notches_top.png
  artifactKey: Guid(358dded301f96eb84aef58346d7e458c) Importer(815301076,1909f56bfc062723c751e8b465ee728b)
Start importing Assets/UI/panel_glass_notches_top.png using Guid(358dded301f96eb84aef58346d7e458c) Importer(815301076,1909f56bfc062723c751e8b465ee728b) (PreviewImporter) -> (artifact id: 'b6a28abd26a51cb22cd98330b1985ee5') in 0.006320012 seconds
Number of updated asset objects reloaded before import = 0Number of asset objects unloaded after import = 3

========================================================================
Received Import Request.
  Time since last request: 0.000012 seconds.
  path: Assets/UI/button_square_header_small_rectangle_screws.png
  artifactKey: Guid(7d4ee21d82559bc1ca28fd1035e33493) Importer(815301076,1909f56bfc062723c751e8b465ee728b)
Start importing Assets/UI/button_square_header_small_rectangle_screws.png using Guid(7d4ee21d82559bc1ca28fd1035e33493) Importer(815301076,1909f56bfc062723c751e8b465ee728b) (PreviewImporter) -> (artifact id: 'f8f826512bf77765dc3fa653ceda2b7e') in 0.004949681 seconds
Number of updated asset objects reloaded before import = 0Number of asset objects unloaded after import = 3

========================================================================
Received Import Request.
  Time since last request: 0.000020 seconds.
  path: Assets/UI/panel_rectangle.png
  artifactKey: Guid(cf1b979a47f273ff2ae763718cb1d977) Importer(815301076,1909f56bfc062723c751e8b465ee728b)
Start importing Assets/UI/panel_rectangle.png using Guid(cf1b979a47f273ff2ae763718cb1d977) Importer(815301076,1909f56bfc062723c751e8b465ee728b) (PreviewImporter) -> (artifact id: 'ab8b68479be8e7aa20be1ccfd70693ff') in 0.004963911 seconds
Number of updated asset objects reloaded before import = 0Number of asset objects unloaded after import = 3

========================================================================
Received Import Request.
  Time since last request: 0.000026 seconds.
  path: Assets/UI/cursor_f.png
  artifactKey: Guid(1f494be2680be8544ae2e042289f5f65) Importer(815301076,1909f56bfc062723c751e8b465ee728b)
Start importing Assets/UI/cursor_f.png using Guid(1f494be2680be8544ae2e042289f5f65) Importer(815301076,1909f56bfc062723c751e8b465ee728b) (PreviewImporter) -> (artifact id: '05528376d2ba270123ce59e09ae7498a') in 0.005025661 seconds
Number of updated asset objects reloaded before import = 0Number of asset objects unloaded after import = 3

========================================================================
Received Import Request.
  Time since last request: 0.000015 seconds.
  path: Assets/UI/crosshair_b.png
  artifactKey: Guid(2e0fbe1ed247c829ab6ea165ad41101d) Importer(815301076,1909f56bfc062723c751e8b465ee728b)
Start importing Assets/UI/crosshair_b.png using Guid(2e0fbe1ed247c829ab6ea165ad41101d) Importer(815301076,1909f56bfc062723c751e8b465ee728b) (PreviewImporter) -> (artifact id: '811b5e9b64d7ca3bad22431fd1b8534b') in 0.005543862 seconds
Number of updated asset objects reloaded before import = 0Number of asset objects unloaded after import = 3

========================================================================
Received Import Request.
  Time since last request: 0.000014 seconds.
  path: Assets/UI/cursor_d.png
  artifactKey: Guid(8c222b21365b30f0c9bd251d1db2a054) Importer(815301076,1909f56bfc062723c751e8b465ee728b)
Start importing Assets/UI/cursor_d.png using Guid(8c222b21365b30f0c9bd251d1db2a054) Importer(815301076,1909f56bfc062723c751e8b465ee728b) (PreviewImporter) -> (artifact id: '3af5727808d4bb1bdff1ac4856380fe2') in 0.006644301 seconds
Number of updated asset objects reloaded before import = 0Number of asset objects unloaded after import = 3

========================================================================
Received Import Request.
  Time since last request: 0.000013 seconds.
  path: Assets/UI/panel_glass_notches.png
  artifactKey: Guid(35977edb305e599139345b26983064bb) Importer(815301076,1909f56bfc062723c751e8b465ee728b)
Start importing Assets/UI/panel_glass_notches.png using Guid(35977edb305e599139345b26983064bb) Importer(815301076,1909f56bfc062723c751e8b465ee728b) (PreviewImporter) -> (artifact id: 'f26886332df894a0acd8da197ed74948') in 0.006444962 seconds
Number of updated asset objects reloaded before import = 0Number of asset objects unloaded after import = 3

========================================================================
Received Import Request.
  Time since last request: 0.000011 seconds.
  path: Assets/UI/crosshair_d.png
  artifactKey: Guid(bb19cd8c19e4c0192a4123a57248e12f) Importer(815301076,1909f56bfc062723c751e8b465ee728b)
Start importing Assets/UI/crosshair_d.png using Guid(bb19cd8c19e4c0192a4123a57248e12f) Importer(815301076,1909f56bfc062723c751e8b465ee728b) (PreviewImporter) -> (artifact id: '8237c927dfb1f2f9929c7c31fb44b7b4') in 0.008255192 seconds
Number of updated asset objects reloaded before import = 0Number of asset objects unloaded after import = 6

========================================================================
Received Import Request.
  Time since last request: 0.000012 seconds.
  path: Assets/UI/button_rectangle.png
  artifactKey: Guid(53144e117215f8cd28a3dc0814b7809a) Importer(815301076,1909f56bfc062723c751e8b465ee728b)
Start importing Assets/UI/button_rectangle.png using Guid(53144e117215f8cd28a3dc0814b7809a) Importer(815301076,1909f56bfc062723c751e8b465ee728b) (PreviewImporter) -> (artifact id: '81055931a5ba46cffe67cb366d6aad5c') in 0.004610031 seconds
Number of updated asset objects reloaded before import = 0Number of asset objects unloaded after import = 3

========================================================================
Received Import Request.
  Time since last request: 0.000012 seconds.
  path: Assets/UI/button_square_header_small_square.png
  artifactKey: Guid(0fd6def903b7b294b985e14bd695f849) Importer(815301076,1909f56bfc062723c751e8b465ee728b)
Start importing Assets/UI/button_square_header_small_square.png using Guid(0fd6def903b7b294b985e14bd695f849) Importer(815301076,1909f56bfc062723c751e8b465ee728b) (PreviewImporter) -> (artifact id: 'f3277ad867b58fabefd9cdbda66911b5') in 0.006483152 seconds
Number of updated asset objects reloaded before import = 0Number of asset objects unloaded after import = 3

========================================================================
Received Import Request.
  Time since last request: 0.000032 seconds.
  path: Assets/UI/bar_shadow_round_large_l.png
  artifactKey: Guid(d69c91ecce55a490d81a6d77002613c1) Importer(815301076,1909f56bfc062723c751e8b465ee728b)
Start importing Assets/UI/bar_shadow_round_large_l.png using Guid(d69c91ecce55a490d81a6d77002613c1) Importer(815301076,1909f56bfc062723c751e8b465ee728b) (PreviewImporter) -> (artifact id: 'b0a5633ef6b3a54ea0e44fade941082f') in 0.004819541 seconds
Number of updated asset objects reloaded before import = 0Number of asset objects unloaded after import = 3

========================================================================
Received Import Request.
  Time since last request: 0.000030 seconds.
  path: Assets/UI/bar_round_large_square.png
  artifactKey: Guid(6e30b7eca47e849a39b352a26ab3d927) Importer(815301076,1909f56bfc062723c751e8b465ee728b)
Start importing Assets/UI/bar_round_large_square.png using Guid(6e30b7eca47e849a39b352a26ab3d927) Importer(815301076,1909f56bfc062723c751e8b465ee728b) (PreviewImporter) -> (artifact id: '9a4578c618d6d40316f7ee4e125a5d66') in 0.005551652 seconds
Number of updated asset objects reloaded before import = 0Number of asset objects unloaded after import = 3

========================================================================
Received Import Request.
  Time since last request: 0.000012 seconds.
  path: Assets/UI/panel_square_screws.png
  artifactKey: Guid(43c2d1b638369c36d9a78bd8e77f85a4) Importer(815301076,1909f56bfc062723c751e8b465ee728b)
Start importing Assets/UI/panel_square_screws.png using Guid(43c2d1b638369c36d9a78bd8e77f85a4) Importer(815301076,1909f56bfc062723c751e8b465ee728b) (PreviewImporter) -> (artifact id: '814c74dc5d080f4f84412842d62f54ff') in 0.006803962 seconds
Number of updated asset objects reloaded before import = 0Number of asset objects unloaded after import = 3

Editor requested this worker to shutdown with reason: Scaling down because of idle timeout
AssetImportWorker is now disconnected from the server
Process exiting

SDL leaked 2 allocations
Internal: Possible leak. All render target surfaces should be removed from IdMap when destructed using RenderTargetMap::Remove(RenderSurfaceBase* rs).
